<?xml version="1.0" encoding="UTF-8"?>
<coverage generated="1642599654301" clover="3.2.0">
  <project timestamp="1642599654301" name="All files">
    <metrics statements="35" coveredstatements="27" conditionals="30" coveredconditionals="23" methods="15" coveredmethods="10" elements="80" coveredelements="60" complexity="0" loc="35" ncloc="35" packages="6" files="6" classes="6"/>
    <package name="Atoms.Button">
      <metrics statements="2" coveredstatements="2" conditionals="0" coveredconditionals="0" methods="1" coveredmethods="1"/>
      <file name="Button.tsx" path="/home/arvinc/zemoso-training/react/typescript/blinkist/src/components/Atoms/Button/Button.tsx">
        <metrics statements="2" coveredstatements="2" conditionals="0" coveredconditionals="0" methods="1" coveredmethods="1"/>
        <line num="14" count="2" type="stmt"/>
        <line num="24" count="6" type="stmt"/>
      </file>
    </package>
    <package name="Molecules.Card.BookCard">
      <metrics statements="4" coveredstatements="3" conditionals="6" coveredconditionals="3" methods="2" coveredmethods="1"/>
      <file name="BookCard.tsx" path="/home/arvinc/zemoso-training/react/typescript/blinkist/src/components/Molecules/Card/BookCard/BookCard.tsx">
        <metrics statements="4" coveredstatements="3" conditionals="6" coveredconditionals="3" methods="2" coveredmethods="1"/>
        <line num="19" count="1" type="stmt"/>
        <line num="74" count="3" type="stmt"/>
        <line num="75" count="3" type="stmt"/>
        <line num="81" count="0" type="cond" truecount="0" falsecount="2"/>
      </file>
    </package>
    <package name="Molecules.Input.SearchInput">
      <metrics statements="5" coveredstatements="5" conditionals="0" coveredconditionals="0" methods="2" coveredmethods="2"/>
      <file name="SearchInput.tsx" path="/home/arvinc/zemoso-training/react/typescript/blinkist/src/components/Molecules/Input/SearchInput/SearchInput.tsx">
        <metrics statements="5" coveredstatements="5" conditionals="0" coveredconditionals="0" methods="2" coveredmethods="2"/>
        <line num="14" count="4" type="stmt"/>
        <line num="15" count="4" type="stmt"/>
        <line num="16" count="1" type="stmt"/>
        <line num="17" count="1" type="stmt"/>
        <line num="20" count="4" type="stmt"/>
      </file>
    </package>
    <package name="Molecules.Menu">
      <metrics statements="7" coveredstatements="7" conditionals="0" coveredconditionals="0" methods="4" coveredmethods="4"/>
      <file name="ExploreMenu.tsx" path="/home/arvinc/zemoso-training/react/typescript/blinkist/src/components/Molecules/Menu/ExploreMenu.tsx">
        <metrics statements="7" coveredstatements="7" conditionals="0" coveredconditionals="0" methods="4" coveredmethods="4"/>
        <line num="22" count="3" type="stmt"/>
        <line num="45" count="1" type="stmt"/>
        <line num="49" count="3" type="stmt"/>
        <line num="68" count="3" type="stmt"/>
        <line num="69" count="3" type="stmt"/>
        <line num="81" count="48" type="stmt"/>
        <line num="94" count="2" type="stmt"/>
      </file>
    </package>
    <package name="configuration.api">
      <metrics statements="1" coveredstatements="1" conditionals="0" coveredconditionals="0" methods="0" coveredmethods="0"/>
      <file name="api.tsx" path="/home/arvinc/zemoso-training/react/typescript/blinkist/src/components/configuration/api/api.tsx">
        <metrics statements="1" coveredstatements="1" conditionals="0" coveredconditionals="0" methods="0" coveredmethods="0"/>
        <line num="3" count="1" type="stmt"/>
      </file>
    </package>
    <package name="organisms.Browse">
      <metrics statements="16" coveredstatements="9" conditionals="24" coveredconditionals="20" methods="6" coveredmethods="2"/>
      <file name="Browse.tsx" path="/home/arvinc/zemoso-training/react/typescript/blinkist/src/components/organisms/Browse/Browse.tsx">
        <metrics statements="16" coveredstatements="9" conditionals="24" coveredconditionals="20" methods="6" coveredmethods="2"/>
        <line num="33" count="1" type="stmt"/>
        <line num="45" count="1" type="stmt"/>
        <line num="46" count="3" type="stmt"/>
        <line num="47" count="3" type="stmt"/>
        <line num="48" count="0" type="stmt"/>
        <line num="51" count="3" type="stmt"/>
        <line num="52" count="0" type="stmt"/>
        <line num="53" count="0" type="stmt"/>
        <line num="54" count="0" type="stmt"/>
        <line num="55" count="0" type="stmt"/>
        <line num="58" count="3" type="stmt"/>
        <line num="59" count="0" type="stmt"/>
        <line num="62" count="3" type="stmt"/>
        <line num="63" count="3" type="stmt"/>
        <line num="105" count="1" type="cond" truecount="3" falsecount="0"/>
        <line num="123" count="0" type="cond" truecount="0" falsecount="2"/>
      </file>
    </package>
  </project>
</coverage>
