{"/home/arvinc/zemoso-training/react/typescript/blinkist/src/components/Atoms/Button/Button.tsx": {"path":"/home/arvinc/zemoso-training/react/typescript/blinkist/src/components/Atoms/Button/Button.tsx","statementMap":{"0":{"start":{"line":14,"column":28},"end":{"line":37,"column":1}},"1":{"start":{"line":24,"column":2},"end":{"line":36,"column":4}}},"fnMap":{"0":{"name":"(anonymous_0)","decl":{"start":{"line":14,"column":28},"end":{"line":14,"column":29}},"loc":{"start":{"line":23,"column":19},"end":{"line":37,"column":1}},"line":23}},"branchMap":{},"s":{"0":6,"1":13},"f":{"0":13},"b":{},"_coverageSchema":"1a1c01bbd47fc00a2c39e90264f33305004495a9","hash":"6f6b974fa6994139d126116b0cbf52cc82141d7f"}
,"/home/arvinc/zemoso-training/react/typescript/blinkist/src/components/Molecules/Card/BookCard/BookCard.tsx": {"path":"/home/arvinc/zemoso-training/react/typescript/blinkist/src/components/Molecules/Card/BookCard/BookCard.tsx","statementMap":{"0":{"start":{"line":19,"column":18},"end":{"line":49,"column":2}},"1":{"start":{"line":67,"column":17},"end":{"line":67,"column":28}},"2":{"start":{"line":68,"column":2},"end":{"line":124,"column":4}}},"fnMap":{"0":{"name":"BookCard","decl":{"start":{"line":66,"column":16},"end":{"line":66,"column":24}},"loc":{"start":{"line":66,"column":63},"end":{"line":125,"column":1}},"line":66}},"branchMap":{"0":{"loc":{"start":{"line":102,"column":7},"end":{"line":117,"column":7}},"type":"binary-expr","locations":[{"start":{"line":102,"column":7},"end":{"line":102,"column":28}},{"start":{"line":103,"column":8},"end":{"line":116,"column":14}}],"line":102},"1":{"loc":{"start":{"line":118,"column":7},"end":{"line":122,"column":7}},"type":"binary-expr","locations":[{"start":{"line":118,"column":7},"end":{"line":118,"column":27}},{"start":{"line":119,"column":8},"end":{"line":121,"column":14}}],"line":118}},"s":{"0":5,"1":20,"2":20},"f":{"0":20},"b":{"0":[20,10],"1":[20,10]},"_coverageSchema":"1a1c01bbd47fc00a2c39e90264f33305004495a9","hash":"1e4c848e0cd6d2ce8f9f6336136db6f76a23719a"}
,"/home/arvinc/zemoso-training/react/typescript/blinkist/src/components/Molecules/Input/SearchInput/SearchInput.tsx": {"path":"/home/arvinc/zemoso-training/react/typescript/blinkist/src/components/Molecules/Input/SearchInput/SearchInput.tsx","statementMap":{"0":{"start":{"line":14,"column":38},"end":{"line":14,"column":50}},"1":{"start":{"line":15,"column":23},"end":{"line":18,"column":3}},"2":{"start":{"line":16,"column":4},"end":{"line":16,"column":38}},"3":{"start":{"line":17,"column":4},"end":{"line":17,"column":39}},"4":{"start":{"line":20,"column":2},"end":{"line":40,"column":4}}},"fnMap":{"0":{"name":"SearchInput","decl":{"start":{"line":13,"column":24},"end":{"line":13,"column":35}},"loc":{"start":{"line":13,"column":61},"end":{"line":41,"column":1}},"line":13},"1":{"name":"(anonymous_1)","decl":{"start":{"line":15,"column":23},"end":{"line":15,"column":24}},"loc":{"start":{"line":15,"column":71},"end":{"line":18,"column":3}},"line":15}},"branchMap":{},"s":{"0":8,"1":8,"2":3,"3":3,"4":8},"f":{"0":8,"1":3},"b":{},"_coverageSchema":"1a1c01bbd47fc00a2c39e90264f33305004495a9","hash":"030e4a8c439dc42d72df5c9a8d66c022e2886ba6"}
,"/home/arvinc/zemoso-training/react/typescript/blinkist/src/components/Molecules/Menu/ExploreMenu.tsx": {"path":"/home/arvinc/zemoso-training/react/typescript/blinkist/src/components/Molecules/Menu/ExploreMenu.tsx","statementMap":{"0":{"start":{"line":22,"column":18},"end":{"line":38,"column":3}},"1":{"start":{"line":22,"column":41},"end":{"line":38,"column":1}},"2":{"start":{"line":44,"column":27},"end":{"line":107,"column":1}},"3":{"start":{"line":45,"column":19},"end":{"line":62,"column":3}},"4":{"start":{"line":64,"column":18},"end":{"line":64,"column":29}},"5":{"start":{"line":65,"column":2},"end":{"line":106,"column":4}},"6":{"start":{"line":77,"column":12},"end":{"line":99,"column":14}},"7":{"start":{"line":90,"column":33},"end":{"line":90,"column":47}}},"fnMap":{"0":{"name":"(anonymous_0)","decl":{"start":{"line":22,"column":29},"end":{"line":22,"column":30}},"loc":{"start":{"line":22,"column":41},"end":{"line":38,"column":1}},"line":22},"1":{"name":"(anonymous_1)","decl":{"start":{"line":44,"column":27},"end":{"line":44,"column":28}},"loc":{"start":{"line":44,"column":69},"end":{"line":107,"column":1}},"line":44},"2":{"name":"(anonymous_2)","decl":{"start":{"line":76,"column":24},"end":{"line":76,"column":25}},"loc":{"start":{"line":76,"column":45},"end":{"line":100,"column":11}},"line":76},"3":{"name":"(anonymous_3)","decl":{"start":{"line":90,"column":27},"end":{"line":90,"column":28}},"loc":{"start":{"line":90,"column":33},"end":{"line":90,"column":47}},"line":90}},"branchMap":{},"s":{"0":2,"1":3,"2":2,"3":3,"4":3,"5":3,"6":48,"7":1},"f":{"0":3,"1":3,"2":48,"3":1},"b":{},"_coverageSchema":"1a1c01bbd47fc00a2c39e90264f33305004495a9","hash":"f97ef302578037376adc1ef1872c158d1df9b183"}
,"/home/arvinc/zemoso-training/react/typescript/blinkist/src/components/organisms/Grid/BookGrid/BookGrid.tsx": {"path":"/home/arvinc/zemoso-training/react/typescript/blinkist/src/components/organisms/Grid/BookGrid/BookGrid.tsx","statementMap":{"0":{"start":{"line":19,"column":17},"end":{"line":44,"column":1}},"1":{"start":{"line":20,"column":2},"end":{"line":43,"column":4}},"2":{"start":{"line":32,"column":10},"end":{"line":39,"column":17}},"3":{"start":{"line":36,"column":16},"end":{"line":36,"column":49}}},"fnMap":{"0":{"name":"(anonymous_0)","decl":{"start":{"line":19,"column":17},"end":{"line":19,"column":18}},"loc":{"start":{"line":19,"column":58},"end":{"line":44,"column":1}},"line":19},"1":{"name":"(anonymous_1)","decl":{"start":{"line":31,"column":22},"end":{"line":31,"column":23}},"loc":{"start":{"line":32,"column":10},"end":{"line":39,"column":17}},"line":32},"2":{"name":"(anonymous_2)","decl":{"start":{"line":35,"column":27},"end":{"line":35,"column":28}},"loc":{"start":{"line":35,"column":33},"end":{"line":37,"column":15}},"line":35}},"branchMap":{"0":{"loc":{"start":{"line":36,"column":16},"end":{"line":36,"column":48}},"type":"binary-expr","locations":[{"start":{"line":36,"column":16},"end":{"line":36,"column":27}},{"start":{"line":36,"column":31},"end":{"line":36,"column":48}}],"line":36}},"s":{"0":4,"1":18,"2":15,"3":1},"f":{"0":18,"1":15,"2":1},"b":{"0":[1,1]},"_coverageSchema":"1a1c01bbd47fc00a2c39e90264f33305004495a9","hash":"be5520002ab7a880bef2379e7246687a6b079553"}
,"/home/arvinc/zemoso-training/react/typescript/blinkist/src/components/organisms/Header/NavBar.tsx": {"path":"/home/arvinc/zemoso-training/react/typescript/blinkist/src/components/organisms/Header/NavBar.tsx","statementMap":{"0":{"start":{"line":12,"column":18},"end":{"line":35,"column":2}},"1":{"start":{"line":37,"column":22},"end":{"line":120,"column":1}},"2":{"start":{"line":38,"column":18},"end":{"line":38,"column":29}},"3":{"start":{"line":40,"column":26},"end":{"line":40,"column":41}},"4":{"start":{"line":41,"column":34},"end":{"line":41,"column":74}},"5":{"start":{"line":43,"column":22},"end":{"line":46,"column":3}},"6":{"start":{"line":44,"column":4},"end":{"line":44,"column":18}},"7":{"start":{"line":45,"column":4},"end":{"line":45,"column":22}},"8":{"start":{"line":48,"column":19},"end":{"line":51,"column":3}},"9":{"start":{"line":49,"column":4},"end":{"line":49,"column":19}},"10":{"start":{"line":50,"column":4},"end":{"line":50,"column":37}},"11":{"start":{"line":53,"column":2},"end":{"line":119,"column":4}}},"fnMap":{"0":{"name":"(anonymous_0)","decl":{"start":{"line":37,"column":22},"end":{"line":37,"column":23}},"loc":{"start":{"line":37,"column":28},"end":{"line":120,"column":1}},"line":37},"1":{"name":"(anonymous_1)","decl":{"start":{"line":43,"column":22},"end":{"line":43,"column":23}},"loc":{"start":{"line":43,"column":28},"end":{"line":46,"column":3}},"line":43},"2":{"name":"(anonymous_2)","decl":{"start":{"line":48,"column":19},"end":{"line":48,"column":20}},"loc":{"start":{"line":48,"column":61},"end":{"line":51,"column":3}},"line":48}},"branchMap":{"0":{"loc":{"start":{"line":71,"column":23},"end":{"line":71,"column":78}},"type":"cond-expr","locations":[{"start":{"line":71,"column":39},"end":{"line":71,"column":57}},{"start":{"line":71,"column":60},"end":{"line":71,"column":78}}],"line":71},"1":{"loc":{"start":{"line":74,"column":18},"end":{"line":76,"column":42}},"type":"cond-expr","locations":[{"start":{"line":75,"column":22},"end":{"line":75,"column":45}},{"start":{"line":76,"column":22},"end":{"line":76,"column":42}}],"line":74}},"s":{"0":1,"1":1,"2":6,"3":6,"4":6,"5":6,"6":0,"7":0,"8":6,"9":1,"10":1,"11":6},"f":{"0":6,"1":0,"2":1},"b":{"0":[0,6],"1":[0,6]},"_coverageSchema":"1a1c01bbd47fc00a2c39e90264f33305004495a9","hash":"85808ee58ab3fdacd61589d067b684f685c1ae8c"}
,"/home/arvinc/zemoso-training/react/typescript/blinkist/src/components/organisms/StatusTab/StatusTab.tsx": {"path":"/home/arvinc/zemoso-training/react/typescript/blinkist/src/components/organisms/StatusTab/StatusTab.tsx","statementMap":{"0":{"start":{"line":8,"column":18},"end":{"line":12,"column":3}},"1":{"start":{"line":8,"column":41},"end":{"line":12,"column":1}},"2":{"start":{"line":25,"column":18},"end":{"line":78,"column":1}},"3":{"start":{"line":26,"column":17},"end":{"line":26,"column":28}},"4":{"start":{"line":27,"column":40},"end":{"line":27,"column":59}},"5":{"start":{"line":28,"column":23},"end":{"line":30,"column":3}},"6":{"start":{"line":29,"column":4},"end":{"line":29,"column":29}},"7":{"start":{"line":31,"column":28},"end":{"line":31,"column":40}},"8":{"start":{"line":33,"column":23},"end":{"line":36,"column":3}},"9":{"start":{"line":34,"column":21},"end":{"line":34,"column":40}},"10":{"start":{"line":35,"column":4},"end":{"line":35,"column":25}},"11":{"start":{"line":38,"column":2},"end":{"line":51,"column":20}},"12":{"start":{"line":39,"column":28},"end":{"line":39,"column":30}},"13":{"start":{"line":40,"column":21},"end":{"line":49,"column":5}},"14":{"start":{"line":41,"column":6},"end":{"line":47,"column":7}},"15":{"start":{"line":42,"column":8},"end":{"line":44,"column":10}},"16":{"start":{"line":46,"column":8},"end":{"line":46,"column":74}},"17":{"start":{"line":48,"column":6},"end":{"line":48,"column":25}},"18":{"start":{"line":50,"column":4},"end":{"line":50,"column":15}},"19":{"start":{"line":53,"column":2},"end":{"line":77,"column":4}}},"fnMap":{"0":{"name":"(anonymous_0)","decl":{"start":{"line":8,"column":29},"end":{"line":8,"column":30}},"loc":{"start":{"line":8,"column":41},"end":{"line":12,"column":1}},"line":8},"1":{"name":"(anonymous_1)","decl":{"start":{"line":25,"column":18},"end":{"line":25,"column":19}},"loc":{"start":{"line":25,"column":24},"end":{"line":78,"column":1}},"line":25},"2":{"name":"(anonymous_2)","decl":{"start":{"line":28,"column":23},"end":{"line":28,"column":24}},"loc":{"start":{"line":28,"column":74},"end":{"line":30,"column":3}},"line":28},"3":{"name":"(anonymous_3)","decl":{"start":{"line":33,"column":23},"end":{"line":33,"column":24}},"loc":{"start":{"line":33,"column":47},"end":{"line":36,"column":3}},"line":33},"4":{"name":"(anonymous_4)","decl":{"start":{"line":38,"column":12},"end":{"line":38,"column":13}},"loc":{"start":{"line":38,"column":18},"end":{"line":51,"column":3}},"line":38},"5":{"name":"(anonymous_5)","decl":{"start":{"line":40,"column":21},"end":{"line":40,"column":22}},"loc":{"start":{"line":40,"column":33},"end":{"line":49,"column":5}},"line":40}},"branchMap":{"0":{"loc":{"start":{"line":41,"column":6},"end":{"line":47,"column":7}},"type":"if","locations":[{"start":{"line":41,"column":6},"end":{"line":47,"column":7}},{"start":{"line":45,"column":13},"end":{"line":47,"column":7}}],"line":41}},"s":{"0":2,"1":7,"2":2,"3":9,"4":9,"5":9,"6":2,"7":9,"8":9,"9":9,"10":0,"11":9,"12":9,"13":9,"14":9,"15":7,"16":2,"17":0,"18":9,"19":9},"f":{"0":7,"1":9,"2":2,"3":9,"4":9,"5":9},"b":{"0":[7,2]},"_coverageSchema":"1a1c01bbd47fc00a2c39e90264f33305004495a9","hash":"7dc32592d2e72dcbe9001a44d277b1fc361f1ce2"}
,"/home/arvinc/zemoso-training/react/typescript/blinkist/src/components/pages/Browse/Browse.tsx": {"path":"/home/arvinc/zemoso-training/react/typescript/blinkist/src/components/pages/Browse/Browse.tsx","statementMap":{"0":{"start":{"line":29,"column":18},"end":{"line":39,"column":2}},"1":{"start":{"line":41,"column":15},"end":{"line":220,"column":1}},"2":{"start":{"line":42,"column":25},"end":{"line":42,"column":39}},"3":{"start":{"line":43,"column":28},"end":{"line":43,"column":41}},"4":{"start":{"line":44,"column":26},"end":{"line":44,"column":42}},"5":{"start":{"line":46,"column":2},"end":{"line":53,"column":5}},"6":{"start":{"line":47,"column":24},"end":{"line":51,"column":5}},"7":{"start":{"line":48,"column":17},"end":{"line":48,"column":67}},"8":{"start":{"line":50,"column":6},"end":{"line":50,"column":25}},"9":{"start":{"line":52,"column":4},"end":{"line":52,"column":18}},"10":{"start":{"line":54,"column":23},"end":{"line":56,"column":3}},"11":{"start":{"line":55,"column":4},"end":{"line":55,"column":23}},"12":{"start":{"line":58,"column":23},"end":{"line":62,"column":3}},"13":{"start":{"line":59,"column":4},"end":{"line":59,"column":27}},"14":{"start":{"line":60,"column":4},"end":{"line":60,"column":54}},"15":{"start":{"line":61,"column":4},"end":{"line":61,"column":15}},"16":{"start":{"line":64,"column":29},"end":{"line":70,"column":3}},"17":{"start":{"line":65,"column":4},"end":{"line":65,"column":23}},"18":{"start":{"line":66,"column":25},"end":{"line":68,"column":5}},"19":{"start":{"line":67,"column":6},"end":{"line":67,"column":56}},"20":{"start":{"line":69,"column":4},"end":{"line":69,"column":19}},"21":{"start":{"line":72,"column":19},"end":{"line":74,"column":3}},"22":{"start":{"line":73,"column":4},"end":{"line":73,"column":38}},"23":{"start":{"line":76,"column":4},"end":{"line":80,"column":18}},"24":{"start":{"line":81,"column":18},"end":{"line":81,"column":29}},"25":{"start":{"line":82,"column":2},"end":{"line":219,"column":4}},"26":{"start":{"line":121,"column":20},"end":{"line":121,"column":78}},"27":{"start":{"line":135,"column":33},"end":{"line":135,"column":59}}},"fnMap":{"0":{"name":"(anonymous_0)","decl":{"start":{"line":41,"column":15},"end":{"line":41,"column":16}},"loc":{"start":{"line":41,"column":21},"end":{"line":220,"column":1}},"line":41},"1":{"name":"(anonymous_1)","decl":{"start":{"line":46,"column":12},"end":{"line":46,"column":13}},"loc":{"start":{"line":46,"column":18},"end":{"line":53,"column":3}},"line":46},"2":{"name":"(anonymous_2)","decl":{"start":{"line":47,"column":24},"end":{"line":47,"column":25}},"loc":{"start":{"line":47,"column":36},"end":{"line":51,"column":5}},"line":47},"3":{"name":"(anonymous_3)","decl":{"start":{"line":54,"column":23},"end":{"line":54,"column":24}},"loc":{"start":{"line":54,"column":74},"end":{"line":56,"column":3}},"line":54},"4":{"name":"(anonymous_4)","decl":{"start":{"line":58,"column":23},"end":{"line":58,"column":24}},"loc":{"start":{"line":58,"column":45},"end":{"line":62,"column":3}},"line":58},"5":{"name":"(anonymous_5)","decl":{"start":{"line":64,"column":29},"end":{"line":64,"column":30}},"loc":{"start":{"line":64,"column":45},"end":{"line":70,"column":3}},"line":64},"6":{"name":"(anonymous_6)","decl":{"start":{"line":66,"column":25},"end":{"line":66,"column":26}},"loc":{"start":{"line":66,"column":37},"end":{"line":68,"column":5}},"line":66},"7":{"name":"(anonymous_7)","decl":{"start":{"line":72,"column":19},"end":{"line":72,"column":20}},"loc":{"start":{"line":72,"column":25},"end":{"line":74,"column":3}},"line":72},"8":{"name":"(anonymous_8)","decl":{"start":{"line":120,"column":27},"end":{"line":120,"column":28}},"loc":{"start":{"line":120,"column":33},"end":{"line":122,"column":19}},"line":120},"9":{"name":"(anonymous_9)","decl":{"start":{"line":135,"column":27},"end":{"line":135,"column":28}},"loc":{"start":{"line":135,"column":33},"end":{"line":135,"column":59}},"line":135}},"branchMap":{"0":{"loc":{"start":{"line":76,"column":4},"end":{"line":80,"column":18}},"type":"cond-expr","locations":[{"start":{"line":77,"column":8},"end":{"line":77,"column":24}},{"start":{"line":78,"column":8},"end":{"line":80,"column":18}}],"line":76},"1":{"loc":{"start":{"line":76,"column":4},"end":{"line":76,"column":33}},"type":"binary-expr","locations":[{"start":{"line":76,"column":4},"end":{"line":76,"column":8}},{"start":{"line":76,"column":12},"end":{"line":76,"column":33}}],"line":76},"2":{"loc":{"start":{"line":78,"column":8},"end":{"line":80,"column":18}},"type":"cond-expr","locations":[{"start":{"line":79,"column":8},"end":{"line":79,"column":20}},{"start":{"line":80,"column":8},"end":{"line":80,"column":18}}],"line":78},"3":{"loc":{"start":{"line":78,"column":8},"end":{"line":78,"column":40}},"type":"binary-expr","locations":[{"start":{"line":78,"column":8},"end":{"line":78,"column":12}},{"start":{"line":78,"column":16},"end":{"line":78,"column":40}}],"line":78},"4":{"loc":{"start":{"line":90,"column":17},"end":{"line":90,"column":35}},"type":"binary-expr","locations":[{"start":{"line":90,"column":17},"end":{"line":90,"column":21}},{"start":{"line":90,"column":25},"end":{"line":90,"column":35}}],"line":90},"5":{"loc":{"start":{"line":96,"column":20},"end":{"line":96,"column":39}},"type":"binary-expr","locations":[{"start":{"line":96,"column":20},"end":{"line":96,"column":24}},{"start":{"line":96,"column":28},"end":{"line":96,"column":39}}],"line":96},"6":{"loc":{"start":{"line":106,"column":19},"end":{"line":106,"column":36}},"type":"binary-expr","locations":[{"start":{"line":106,"column":19},"end":{"line":106,"column":23}},{"start":{"line":106,"column":27},"end":{"line":106,"column":36}}],"line":106},"7":{"loc":{"start":{"line":111,"column":15},"end":{"line":124,"column":15}},"type":"binary-expr","locations":[{"start":{"line":111,"column":15},"end":{"line":111,"column":19}},{"start":{"line":112,"column":16},"end":{"line":123,"column":18}}],"line":111},"8":{"loc":{"start":{"line":121,"column":20},"end":{"line":121,"column":77}},"type":"binary-expr","locations":[{"start":{"line":121,"column":20},"end":{"line":121,"column":24}},{"start":{"line":121,"column":28},"end":{"line":121,"column":49}},{"start":{"line":121,"column":53},"end":{"line":121,"column":77}}],"line":121},"9":{"loc":{"start":{"line":125,"column":15},"end":{"line":137,"column":15}},"type":"binary-expr","locations":[{"start":{"line":125,"column":15},"end":{"line":125,"column":19}},{"start":{"line":125,"column":23},"end":{"line":125,"column":43}},{"start":{"line":125,"column":47},"end":{"line":125,"column":72}},{"start":{"line":126,"column":16},"end":{"line":136,"column":18}}],"line":125},"10":{"loc":{"start":{"line":135,"column":33},"end":{"line":135,"column":59}},"type":"binary-expr","locations":[{"start":{"line":135,"column":33},"end":{"line":135,"column":37}},{"start":{"line":135,"column":41},"end":{"line":135,"column":59}}],"line":135},"11":{"loc":{"start":{"line":143,"column":21},"end":{"line":143,"column":39}},"type":"binary-expr","locations":[{"start":{"line":143,"column":21},"end":{"line":143,"column":25}},{"start":{"line":143,"column":29},"end":{"line":143,"column":39}}],"line":143}},"s":{"0":1,"1":1,"2":6,"3":6,"4":6,"5":6,"6":6,"7":6,"8":0,"9":6,"10":6,"11":2,"12":6,"13":0,"14":0,"15":0,"16":6,"17":0,"18":0,"19":0,"20":0,"21":6,"22":0,"23":6,"24":6,"25":6,"26":0,"27":0},"f":{"0":6,"1":6,"2":6,"3":2,"4":0,"5":0,"6":0,"7":0,"8":0,"9":0},"b":{"0":[0,6],"1":[6,0],"2":[0,6],"3":[6,0],"4":[6,0],"5":[6,0],"6":[6,0],"7":[6,0],"8":[0,0,0],"9":[6,0,0,0],"10":[0,0],"11":[6,0]},"_coverageSchema":"1a1c01bbd47fc00a2c39e90264f33305004495a9","hash":"78ac23ea2cf3af187c6c5942813bb777cabbe8f3"}
,"/home/arvinc/zemoso-training/react/typescript/blinkist/src/components/pages/Explore/ExplorePage.tsx": {"path":"/home/arvinc/zemoso-training/react/typescript/blinkist/src/components/pages/Explore/ExplorePage.tsx","statementMap":{"0":{"start":{"line":20,"column":20},"end":{"line":90,"column":1}},"1":{"start":{"line":21,"column":19},"end":{"line":21,"column":39}},"2":{"start":{"line":22,"column":48},"end":{"line":22,"column":60}},"3":{"start":{"line":23,"column":28},"end":{"line":23,"column":40}},"4":{"start":{"line":25,"column":28},"end":{"line":28,"column":3}},"5":{"start":{"line":26,"column":25},"end":{"line":26,"column":79}},"6":{"start":{"line":27,"column":4},"end":{"line":27,"column":31}},"7":{"start":{"line":30,"column":2},"end":{"line":36,"column":9}},"8":{"start":{"line":31,"column":21},"end":{"line":34,"column":5}},"9":{"start":{"line":32,"column":22},"end":{"line":32,"column":47}},"10":{"start":{"line":33,"column":6},"end":{"line":33,"column":26}},"11":{"start":{"line":35,"column":4},"end":{"line":35,"column":15}},"12":{"start":{"line":38,"column":2},"end":{"line":44,"column":5}},"13":{"start":{"line":39,"column":21},"end":{"line":42,"column":5}},"14":{"start":{"line":40,"column":22},"end":{"line":40,"column":47}},"15":{"start":{"line":41,"column":6},"end":{"line":41,"column":26}},"16":{"start":{"line":43,"column":4},"end":{"line":43,"column":15}},"17":{"start":{"line":45,"column":2},"end":{"line":52,"column":17}},"18":{"start":{"line":46,"column":21},"end":{"line":50,"column":5}},"19":{"start":{"line":47,"column":22},"end":{"line":47,"column":47}},"20":{"start":{"line":48,"column":6},"end":{"line":48,"column":26}},"21":{"start":{"line":49,"column":6},"end":{"line":49,"column":36}},"22":{"start":{"line":51,"column":4},"end":{"line":51,"column":15}},"23":{"start":{"line":54,"column":29},"end":{"line":60,"column":3}},"24":{"start":{"line":55,"column":4},"end":{"line":55,"column":23}},"25":{"start":{"line":56,"column":25},"end":{"line":58,"column":5}},"26":{"start":{"line":57,"column":6},"end":{"line":57,"column":56}},"27":{"start":{"line":59,"column":4},"end":{"line":59,"column":19}},"28":{"start":{"line":62,"column":23},"end":{"line":74,"column":3}},"29":{"start":{"line":63,"column":4},"end":{"line":73,"column":5}},"30":{"start":{"line":64,"column":21},"end":{"line":69,"column":8}},"31":{"start":{"line":65,"column":8},"end":{"line":68,"column":10}},"32":{"start":{"line":70,"column":6},"end":{"line":70,"column":23}},"33":{"start":{"line":72,"column":6},"end":{"line":72,"column":32}},"34":{"start":{"line":75,"column":2},"end":{"line":89,"column":4}}},"fnMap":{"0":{"name":"(anonymous_0)","decl":{"start":{"line":20,"column":20},"end":{"line":20,"column":21}},"loc":{"start":{"line":20,"column":26},"end":{"line":90,"column":1}},"line":20},"1":{"name":"(anonymous_1)","decl":{"start":{"line":25,"column":28},"end":{"line":25,"column":29}},"loc":{"start":{"line":25,"column":40},"end":{"line":28,"column":3}},"line":25},"2":{"name":"(anonymous_2)","decl":{"start":{"line":30,"column":12},"end":{"line":30,"column":13}},"loc":{"start":{"line":30,"column":18},"end":{"line":36,"column":3}},"line":30},"3":{"name":"(anonymous_3)","decl":{"start":{"line":31,"column":21},"end":{"line":31,"column":22}},"loc":{"start":{"line":31,"column":33},"end":{"line":34,"column":5}},"line":31},"4":{"name":"(anonymous_4)","decl":{"start":{"line":38,"column":12},"end":{"line":38,"column":13}},"loc":{"start":{"line":38,"column":18},"end":{"line":44,"column":3}},"line":38},"5":{"name":"(anonymous_5)","decl":{"start":{"line":39,"column":21},"end":{"line":39,"column":22}},"loc":{"start":{"line":39,"column":33},"end":{"line":42,"column":5}},"line":39},"6":{"name":"(anonymous_6)","decl":{"start":{"line":45,"column":12},"end":{"line":45,"column":13}},"loc":{"start":{"line":45,"column":18},"end":{"line":52,"column":3}},"line":45},"7":{"name":"(anonymous_7)","decl":{"start":{"line":46,"column":21},"end":{"line":46,"column":22}},"loc":{"start":{"line":46,"column":33},"end":{"line":50,"column":5}},"line":46},"8":{"name":"(anonymous_8)","decl":{"start":{"line":54,"column":29},"end":{"line":54,"column":30}},"loc":{"start":{"line":54,"column":45},"end":{"line":60,"column":3}},"line":54},"9":{"name":"(anonymous_9)","decl":{"start":{"line":56,"column":25},"end":{"line":56,"column":26}},"loc":{"start":{"line":56,"column":37},"end":{"line":58,"column":5}},"line":56},"10":{"name":"(anonymous_10)","decl":{"start":{"line":62,"column":23},"end":{"line":62,"column":24}},"loc":{"start":{"line":62,"column":42},"end":{"line":74,"column":3}},"line":62},"11":{"name":"(anonymous_11)","decl":{"start":{"line":64,"column":44},"end":{"line":64,"column":45}},"loc":{"start":{"line":64,"column":60},"end":{"line":69,"column":7}},"line":64}},"branchMap":{"0":{"loc":{"start":{"line":63,"column":4},"end":{"line":73,"column":5}},"type":"if","locations":[{"start":{"line":63,"column":4},"end":{"line":73,"column":5}},{"start":{"line":71,"column":11},"end":{"line":73,"column":5}}],"line":63},"1":{"loc":{"start":{"line":66,"column":10},"end":{"line":67,"column":71}},"type":"binary-expr","locations":[{"start":{"line":66,"column":10},"end":{"line":66,"column":70}},{"start":{"line":67,"column":10},"end":{"line":67,"column":71}}],"line":66}},"s":{"0":1,"1":4,"2":4,"3":4,"4":4,"5":8,"6":0,"7":4,"8":2,"9":2,"10":0,"11":2,"12":4,"13":4,"14":4,"15":0,"16":4,"17":4,"18":2,"19":2,"20":0,"21":0,"22":2,"23":4,"24":0,"25":0,"26":0,"27":0,"28":4,"29":2,"30":1,"31":0,"32":1,"33":1,"34":4},"f":{"0":4,"1":8,"2":2,"3":2,"4":4,"5":4,"6":2,"7":2,"8":0,"9":0,"10":2,"11":0},"b":{"0":[1,1],"1":[0,0]},"_coverageSchema":"1a1c01bbd47fc00a2c39e90264f33305004495a9","hash":"f3cdcdda20b9db984441300b8ca95b20715f589b"}
,"/home/arvinc/zemoso-training/react/typescript/blinkist/src/components/pages/Home/HomePage.tsx": {"path":"/home/arvinc/zemoso-training/react/typescript/blinkist/src/components/pages/Home/HomePage.tsx","statementMap":{"0":{"start":{"line":15,"column":17},"end":{"line":36,"column":1}},"1":{"start":{"line":16,"column":2},"end":{"line":35,"column":4}}},"fnMap":{"0":{"name":"(anonymous_0)","decl":{"start":{"line":15,"column":17},"end":{"line":15,"column":18}},"loc":{"start":{"line":15,"column":23},"end":{"line":36,"column":1}},"line":15}},"branchMap":{},"s":{"0":1,"1":3},"f":{"0":3},"b":{},"_coverageSchema":"1a1c01bbd47fc00a2c39e90264f33305004495a9","hash":"580fb5266a3cd16eed46fa9191c238d49e9b6ee4"}
,"/home/arvinc/zemoso-training/react/typescript/blinkist/src/configuration/api/api.tsx": {"path":"/home/arvinc/zemoso-training/react/typescript/blinkist/src/configuration/api/api.tsx","statementMap":{"0":{"start":{"line":3,"column":12},"end":{"line":5,"column":2}}},"fnMap":{},"branchMap":{},"s":{"0":4},"f":{},"b":{},"_coverageSchema":"1a1c01bbd47fc00a2c39e90264f33305004495a9","hash":"5318966eea78a58334ddedbd544b582e656c94a2"}
}
