TN:
SF:src/components/Atoms/Button/Button.tsx
FN:14,(anonymous_0)
FNF:1
FNH:1
FNDA:6,(anonymous_0)
DA:14,2
DA:24,6
LF:2
LH:2
BRF:0
BRH:0
end_of_record
TN:
SF:src/components/Molecules/Card/BookCard/BookCard.tsx
FN:68,BookCard
FN:81,(anonymous_1)
FNF:2
FNH:1
FNDA:3,BookCard
FNDA:0,(anonymous_1)
DA:19,1
DA:74,3
DA:75,3
DA:81,0
LF:4
LH:3
BRDA:81,0,0,0
BRDA:81,0,1,0
BRDA:109,1,0,3
BRDA:109,1,1,3
BRDA:124,2,0,3
BRDA:124,2,1,0
BRF:6
BRH:3
end_of_record
TN:
SF:src/components/Molecules/Input/SearchInput/SearchInput.tsx
FN:13,SearchInput
FN:15,(anonymous_1)
FNF:2
FNH:2
FNDA:4,SearchInput
FNDA:1,(anonymous_1)
DA:14,4
DA:15,4
DA:16,1
DA:17,1
DA:20,4
LF:5
LH:5
BRF:0
BRH:0
end_of_record
TN:
SF:src/components/Molecules/Menu/ExploreMenu.tsx
FN:22,(anonymous_0)
FN:45,(anonymous_1)
FN:80,(anonymous_2)
FN:94,(anonymous_3)
FNF:4
FNH:4
FNDA:3,(anonymous_0)
FNDA:3,(anonymous_1)
FNDA:48,(anonymous_2)
FNDA:2,(anonymous_3)
DA:22,3
DA:45,1
DA:49,3
DA:68,3
DA:69,3
DA:81,48
DA:94,2
LF:7
LH:7
BRF:0
BRH:0
end_of_record
TN:
SF:src/components/configuration/api/api.tsx
FNF:0
FNH:0
DA:3,1
LF:1
LH:1
BRF:0
BRH:0
end_of_record
TN:
SF:src/components/organisms/Browse/Browse.tsx
FN:45,(anonymous_0)
FN:47,(anonymous_1)
FN:51,(anonymous_2)
FN:58,(anonymous_3)
FN:104,(anonymous_4)
FN:123,(anonymous_5)
FNF:6
FNH:2
FNDA:3,(anonymous_0)
FNDA:0,(anonymous_1)
FNDA:0,(anonymous_2)
FNDA:0,(anonymous_3)
FNDA:1,(anonymous_4)
FNDA:0,(anonymous_5)
DA:33,1
DA:45,1
DA:46,3
DA:47,3
DA:48,0
DA:51,3
DA:52,0
DA:53,0
DA:54,0
DA:55,0
DA:58,3
DA:59,0
DA:62,3
DA:63,3
DA:105,1
DA:123,0
LF:16
LH:9
BRDA:71,0,0,3
BRDA:71,0,1,3
BRDA:77,1,0,3
BRDA:77,1,1,3
BRDA:87,2,0,3
BRDA:87,2,1,3
BRDA:92,3,0,3
BRDA:92,3,1,3
BRDA:92,3,2,3
BRDA:99,4,0,3
BRDA:99,4,1,3
BRDA:100,5,0,3
BRDA:100,5,1,0
BRDA:105,6,0,1
BRDA:105,6,1,1
BRDA:105,6,2,1
BRDA:115,7,0,3
BRDA:115,7,1,3
BRDA:116,8,0,0
BRDA:116,8,1,3
BRDA:123,9,0,0
BRDA:123,9,1,0
BRDA:130,10,0,3
BRDA:130,10,1,3
BRF:24
BRH:20
end_of_record
