TN:
SF:src/components/Atoms/Button/Button.tsx
FN:14,(anonymous_0)
FNF:1
FNH:1
FNDA:13,(anonymous_0)
DA:14,3
DA:24,13
LF:2
LH:2
BRF:0
BRH:0
end_of_record
TN:
SF:src/components/Molecules/Card/BookCard/BookCard.tsx
FN:68,BookCard
FN:81,(anonymous_1)
FNF:2
FNH:2
FNDA:20,BookCard
FNDA:1,(anonymous_1)
DA:19,2
DA:74,20
DA:75,20
DA:81,1
LF:4
LH:4
BRDA:81,0,0,1
BRDA:81,0,1,1
BRDA:110,1,0,20
BRDA:110,1,1,10
BRDA:125,2,0,20
BRDA:125,2,1,10
BRF:6
BRH:6
end_of_record
TN:
SF:src/components/Molecules/Input/SearchInput/SearchInput.tsx
FN:13,SearchInput
FN:15,(anonymous_1)
FNF:2
FNH:2
FNDA:4,SearchInput
FNDA:1,(anonymous_1)
DA:14,4
DA:15,4
DA:16,1
DA:17,1
DA:20,4
LF:5
LH:5
BRF:0
BRH:0
end_of_record
TN:
SF:src/components/Molecules/Menu/ExploreMenu.tsx
FN:22,(anonymous_0)
FN:45,(anonymous_1)
FN:80,(anonymous_2)
FN:94,(anonymous_3)
FNF:4
FNH:4
FNDA:3,(anonymous_0)
FNDA:3,(anonymous_1)
FNDA:48,(anonymous_2)
FNDA:2,(anonymous_3)
DA:22,3
DA:45,1
DA:49,3
DA:68,3
DA:69,3
DA:81,48
DA:94,2
LF:7
LH:7
BRF:0
BRH:0
end_of_record
TN:
SF:src/components/configuration/api/api.tsx
FNF:0
FNH:0
DA:3,1
LF:1
LH:1
BRF:0
BRH:0
end_of_record
TN:
SF:src/components/organisms/Browse/Browse.tsx
FN:45,(anonymous_0)
FN:47,(anonymous_1)
FN:51,(anonymous_2)
FN:58,(anonymous_3)
FN:104,(anonymous_4)
FN:123,(anonymous_5)
FNF:6
FNH:5
FNDA:7,(anonymous_0)
FNDA:2,(anonymous_1)
FNDA:1,(anonymous_2)
FNDA:0,(anonymous_3)
FNDA:1,(anonymous_4)
FNDA:1,(anonymous_5)
DA:33,1
DA:45,1
DA:46,7
DA:47,7
DA:48,2
DA:51,7
DA:52,1
DA:53,0
DA:54,0
DA:55,0
DA:58,7
DA:59,0
DA:62,7
DA:63,7
DA:105,1
DA:123,1
LF:16
LH:12
BRDA:71,0,0,7
BRDA:71,0,1,7
BRDA:77,1,0,7
BRDA:77,1,1,7
BRDA:87,2,0,7
BRDA:87,2,1,7
BRDA:92,3,0,7
BRDA:92,3,1,7
BRDA:92,3,2,7
BRDA:99,4,0,7
BRDA:99,4,1,7
BRDA:100,5,0,7
BRDA:100,5,1,0
BRDA:105,6,0,1
BRDA:105,6,1,1
BRDA:105,6,2,1
BRDA:115,7,0,7
BRDA:115,7,1,7
BRDA:116,8,0,0
BRDA:116,8,1,7
BRDA:123,9,0,1
BRDA:123,9,1,1
BRDA:130,10,0,7
BRDA:130,10,1,7
BRF:24
BRH:22
end_of_record
TN:
SF:src/components/organisms/Grid/BookGrid/BookGrid.tsx
FN:21,(anonymous_0)
FN:33,(anonymous_1)
FN:37,(anonymous_2)
FNF:3
FNH:3
FNDA:5,(anonymous_0)
FNDA:15,(anonymous_1)
FNDA:1,(anonymous_2)
DA:21,1
DA:22,5
DA:34,15
DA:38,1
LF:4
LH:4
BRF:0
BRH:0
end_of_record
